DB21034E  The command was processed as an SQL statement because it was not a 
valid Command Line Processor command.  During SQL processing it returned:
SQL0104N  An unexpected token "SQLERROR" was found following "WHENEVER ".  
Expected tokens may include:  "JOIN <joined_table>".  SQLSTATE=42601

DB20000I  The SQL command completed successfully.

DB20000I  The SQL command completed successfully.

DB20000I  The SQL command completed successfully.

DB20000I  The SQL command completed successfully.

[2012-08-28 14:12:24]  failed
DB21034E  The command was processed as an SQL statement because it was not a 
valid Command Line Processor command.  During SQL processing it returned:
SQL0104N  An unexpected token "SQLERROR" was found following "WHENEVER ".  
Expected tokens may include:  "JOIN <joined_table>".  SQLSTATE=42601

DB20000I  The SQL command completed successfully.

DB20000I  The SQL command completed successfully.

DB20000I  The SQL command completed successfully.

DB20000I  The SQL command completed successfully.

[2012-08-28 14:14:55]  init table init_KR_TBL_DATASRC_DEF ok
DB21034E  The command was processed as an SQL statement because it was not a 
valid Command Line Processor command.  During SQL processing it returned:
SQL0104N  An unexpected token "SQLERROR" was found following "=========*/ 
WHENEVER".  Expected tokens may include:  "JOIN <joined_table>".  
SQLSTATE=42601

SQL0100W  No row was found for FETCH, UPDATE or DELETE; or the result of a 
query is an empty table.  SQLSTATE=02000

DB20000I  The SQL command completed successfully.

DB20000I  The SQL command completed successfully.

DB20000I  The SQL command completed successfully.

DB20000I  The SQL command completed successfully.

DB20000I  The SQL command completed successfully.

DB20000I  The SQL command completed successfully.

DB20000I  The SQL command completed successfully.

DB20000I  The SQL command completed successfully.

DB20000I  The SQL command completed successfully.

DB20000I  The SQL command completed successfully.

DB20000I  The SQL command completed successfully.

[2012-08-28 14:14:55]  init table init_KR_TBL_DATASRC_FIELD_DEF ok
DB21034E  The command was processed as an SQL statement because it was not a 
valid Command Line Processor command.  During SQL processing it returned:
SQL0104N  An unexpected token "SQLERROR" was found following "=========*/ 
WHENEVER".  Expected tokens may include:  "JOIN <joined_table>".  
SQLSTATE=42601

SQL0100W  No row was found for FETCH, UPDATE or DELETE; or the result of a 
query is an empty table.  SQLSTATE=02000

DB20000I  The SQL command completed successfully.

DB20000I  The SQL command completed successfully.

DB20000I  The SQL command completed successfully.

[2012-08-28 14:14:55]  init table init_KR_TBL_DATASRC_INDEX_DEF ok
DB21034E  The command was processed as an SQL statement because it was not a 
valid Command Line Processor command.  During SQL processing it returned:
SQL0104N  An unexpected token "prompt PL/SQL Developer import file prompt " 
was found following "BEGIN-OF-STATEMENT".  Expected tokens may include:  
"<space>".  SQLSTATE=42601

DB21034E  The command was processed as an SQL statement because it was not a 
valid Command Line Processor command.  During SQL processing it returned:
SQL0104N  An unexpected token "prompt Truncating KR_TBL_DDI_DEF..." was found 
following "BEGIN-OF-STATEMENT".  Expected tokens may include:  "<space>".  
SQLSTATE=42601

DB21034E  The command was processed as an SQL statement because it was not a 
valid Command Line Processor command.  During SQL processing it returned:
SQL0104N  An unexpected token "prompt Loading KR_TBL_DDI_DEF..." was found 
following "BEGIN-OF-STATEMENT".  Expected tokens may include:  "<space>".  
SQLSTATE=42601

DB20000I  The SQL command completed successfully.

DB21034E  The command was processed as an SQL statement because it was not a 
valid Command Line Processor command.  During SQL processing it returned:
SQL0104N  An unexpected token "prompt 1 records loaded prompt Enabling tri" 
was found following "BEGIN-OF-STATEMENT".  Expected tokens may include:  
"<space>".  SQLSTATE=42601


DB21007E  End of file reached while reading the command.
[2012-08-28 14:14:55]  init table init_KR_TBL_DDI_DEF ok
DB21034E  The command was processed as an SQL statement because it was not a 
valid Command Line Processor command.  During SQL processing it returned:
SQL0104N  An unexpected token "prompt PL/SQL Developer import file prompt " 
was found following "BEGIN-OF-STATEMENT".  Expected tokens may include:  
"<space>".  SQLSTATE=42601

DB21034E  The command was processed as an SQL statement because it was not a 
valid Command Line Processor command.  During SQL processing it returned:
SQL0104N  An unexpected token "prompt Truncating KR_TBL_RULE..." was found 
following "BEGIN-OF-STATEMENT".  Expected tokens may include:  "<space>".  
SQLSTATE=42601

DB21034E  The command was processed as an SQL statement because it was not a 
valid Command Line Processor command.  During SQL processing it returned:
SQL0104N  An unexpected token "prompt Loading KR_TBL_RULE..." was found 
following "BEGIN-OF-STATEMENT".  Expected tokens may include:  "<space>".  
SQLSTATE=42601

DB20000I  The SQL command completed successfully.

DB21034E  The command was processed as an SQL statement because it was not a 
valid Command Line Processor command.  During SQL processing it returned:
SQL0104N  An unexpected token "prompt 1 records loaded prompt Enabling tri" 
was found following "BEGIN-OF-STATEMENT".  Expected tokens may include:  
"<space>".  SQLSTATE=42601


DB21007E  End of file reached while reading the command.
[2012-08-28 14:14:55]  init table init_KR_TBL_RULE ok
DB21034E  The command was processed as an SQL statement because it was not a 
valid Command Line Processor command.  During SQL processing it returned:
SQL0104N  An unexpected token "prompt PL/SQL Developer import file prompt " 
was found following "BEGIN-OF-STATEMENT".  Expected tokens may include:  
"<space>".  SQLSTATE=42601

DB21034E  The command was processed as an SQL statement because it was not a 
valid Command Line Processor command.  During SQL processing it returned:
SQL0104N  An unexpected token "prompt Truncating KR_TBL_SDI_DEF..." was found 
following "BEGIN-OF-STATEMENT".  Expected tokens may include:  "<space>".  
SQLSTATE=42601

DB21034E  The command was processed as an SQL statement because it was not a 
valid Command Line Processor command.  During SQL processing it returned:
SQL0104N  An unexpected token "prompt Loading KR_TBL_SDI_DEF..." was found 
following "BEGIN-OF-STATEMENT".  Expected tokens may include:  "<space>".  
SQLSTATE=42601

DB20000I  The SQL command completed successfully.

DB21034E  The command was processed as an SQL statement because it was not a 
valid Command Line Processor command.  During SQL processing it returned:
SQL0104N  An unexpected token "prompt 1 records loaded prompt Enabling tri" 
was found following "BEGIN-OF-STATEMENT".  Expected tokens may include:  
"<space>".  SQLSTATE=42601


DB21007E  End of file reached while reading the command.
[2012-08-28 14:14:56]  init table init_KR_TBL_SDI_DEF ok
